Determining if the pthread_create exist failed with the following output:
Change Dir: /home/liuhy/projects/tf_learn/build/CMakeFiles/CMakeTmp

Run Build Command:"/usr/bin/make" "cmTC_b270a/fast"
/usr/bin/make -f CMakeFiles/cmTC_b270a.dir/build.make CMakeFiles/cmTC_b270a.dir/build
make[1]: 进入目录“/home/liuhy/projects/tf_learn/build/CMakeFiles/CMakeTmp”
Building C object CMakeFiles/cmTC_b270a.dir/CheckSymbolExists.c.o
/usr/bin/cc    -o CMakeFiles/cmTC_b270a.dir/CheckSymbolExists.c.o   -c /home/liuhy/projects/tf_learn/build/CMakeFiles/CMakeTmp/CheckSymbolExists.c
Linking C executable cmTC_b270a
/usr/bin/cmake -E cmake_link_script CMakeFiles/cmTC_b270a.dir/link.txt --verbose=1
/usr/bin/cc      -rdynamic CMakeFiles/cmTC_b270a.dir/CheckSymbolExists.c.o  -o cmTC_b270a 
CMakeFiles/cmTC_b270a.dir/CheckSymbolExists.c.o：在函数‘main’中：
CheckSymbolExists.c:(.text+0x1b)：对‘pthread_create’未定义的引用
collect2: error: ld returned 1 exit status
CMakeFiles/cmTC_b270a.dir/build.make:97: recipe for target 'cmTC_b270a' failed
make[1]: *** [cmTC_b270a] Error 1
make[1]: 离开目录“/home/liuhy/projects/tf_learn/build/CMakeFiles/CMakeTmp”
Makefile:126: recipe for target 'cmTC_b270a/fast' failed
make: *** [cmTC_b270a/fast] Error 2

File /home/liuhy/projects/tf_learn/build/CMakeFiles/CMakeTmp/CheckSymbolExists.c:
/* */
#include <pthread.h>

int main(int argc, char** argv)
{
  (void)argv;
#ifndef pthread_create
  return ((int*)(&pthread_create))[argc];
#else
  (void)argc;
  return 0;
#endif
}

Determining if the function pthread_create exists in the pthreads failed with the following output:
Change Dir: /home/liuhy/projects/tf_learn/build/CMakeFiles/CMakeTmp

Run Build Command:"/usr/bin/make" "cmTC_1aefe/fast"
/usr/bin/make -f CMakeFiles/cmTC_1aefe.dir/build.make CMakeFiles/cmTC_1aefe.dir/build
make[1]: 进入目录“/home/liuhy/projects/tf_learn/build/CMakeFiles/CMakeTmp”
Building C object CMakeFiles/cmTC_1aefe.dir/CheckFunctionExists.c.o
/usr/bin/cc   -DCHECK_FUNCTION_EXISTS=pthread_create   -o CMakeFiles/cmTC_1aefe.dir/CheckFunctionExists.c.o   -c /usr/share/cmake-3.10/Modules/CheckFunctionExists.c
Linking C executable cmTC_1aefe
/usr/bin/cmake -E cmake_link_script CMakeFiles/cmTC_1aefe.dir/link.txt --verbose=1
/usr/bin/cc  -DCHECK_FUNCTION_EXISTS=pthread_create    -rdynamic CMakeFiles/cmTC_1aefe.dir/CheckFunctionExists.c.o  -o cmTC_1aefe -lpthreads 
/usr/bin/ld: 找不到 -lpthreads
collect2: error: ld returned 1 exit status
CMakeFiles/cmTC_1aefe.dir/build.make:97: recipe for target 'cmTC_1aefe' failed
make[1]: *** [cmTC_1aefe] Error 1
make[1]: 离开目录“/home/liuhy/projects/tf_learn/build/CMakeFiles/CMakeTmp”
Makefile:126: recipe for target 'cmTC_1aefe/fast' failed
make: *** [cmTC_1aefe/fast] Error 2


